<?xml version="1.0" encoding="UTF-8"?>
<!-- Generated by org.testng.reporters.JUnitReportReporter -->
<testsuite hostname="wse-108-74" failures="0" tests="1" name="steam.test.SteamProject" time="6.723" errors="0" timestamp="2023-04-07T19:01:53 MSK" skipped="0">
  <testcase classname="steam.test.SteamProject" name="steamTest" time="6.723"/>
</testsuite> <!-- steam.test.SteamProject -->
