<?xml version="1.0" encoding="UTF-8"?>
<!-- Generated by org.testng.reporters.JUnitReportReporter -->
<testsuite hostname="wse-108-74" failures="0" tests="1" name="steam.test.SteamProject" time="15.195" errors="0" timestamp="2023-04-17T19:59:07 MSK" skipped="0">
  <testcase classname="steam.test.SteamProject" name="steamTest" time="15.195"/>
</testsuite> <!-- steam.test.SteamProject -->
